<?xml version="1.0" encoding="UTF-8"?>
<testsuite name="TamagotchiTest" tests="2" skipped="0" failures="0" errors="0" timestamp="2016-02-16T18:53:48" hostname="epicodus-61.local" time="0.001">
  <properties/>
  <testcase name="tamagotchi_instantiatesCorrectly" classname="TamagotchiTest" time="0.001"/>
  <testcase name="timePasses_foodGoesDownByOne_6" classname="TamagotchiTest" time="0.0"/>
  <system-out><![CDATA[]]></system-out>
  <system-err><![CDATA[]]></system-err>
</testsuite>
