<?xml version="1.0" encoding="UTF-8"?>
<testsuite name="AppTest" tests="1" skipped="0" failures="0" errors="0" timestamp="2016-02-16T19:24:04" hostname="epicodus-61.local" time="0.154">
  <properties/>
  <testcase name="rootTest" classname="AppTest" time="0.154"/>
  <system-out><![CDATA[]]></system-out>
  <system-err><![CDATA[]]></system-err>
</testsuite>
